# JRE version: OpenJDK Runtime Environment (8.0_202) (build 1.8.0_202-release-1483-b49-5587405)
# Java VM: OpenJDK 64-Bit Server VM (25.202-b49-5587405 mixed mode linux-amd64 compressed oops)
Heap:
 PSYoungGen      total 491008K, used 304133K [0x00000000e0000000, 0x0000000100000000, 0x0000000100000000)
  eden space 457728K, 59% used [0x00000000e0000000,0x00000000f0881710,0x00000000fbf00000)
  from space 33280K, 99% used [0x00000000fbf00000,0x00000000fdf7fdb8,0x00000000fdf80000)
  to   space 33280K, 0% used [0x00000000fdf80000,0x00000000fdf80000,0x0000000100000000)
 ParOldGen       total 219648K, used 42150K [0x00000000a0000000, 0x00000000ad680000, 0x00000000e0000000)
  object space 219648K, 19% used [0x00000000a0000000,0x00000000a2929aa8,0x00000000ad680000)
 Metaspace       used 85986K, capacity 91003K, committed 91352K, reserved 1128448K
  class space    used 11514K, capacity 12421K, committed 12544K, reserved 1048576K
GC Heap History (10 events):
Event: 4.758 GC heap before
{Heap before GC invocations=10 (full 3):
 PSYoungGen      total 330752K, used 14581K [0x00000000e0000000, 0x0000000100000000, 0x0000000100000000)
  eden space 305664K, 0% used [0x00000000e0000000,0x00000000e0000000,0x00000000f2a80000)
  from space 25088K, 58% used [0x00000000f2a80000,0x00000000f38bd5d0,0x00000000f4300000)
  to   space 24064K, 0% used [0x00000000fe880000,0x00000000fe880000,0x0000000100000000)
 ParOldGen       total 161280K, used 32691K [0x00000000a0000000, 0x00000000a9d80000, 0x00000000e0000000)
  object space 161280K, 20% used [0x00000000a0000000,0x00000000a1fecca8,0x00000000a9d80000)
 Metaspace       used 57479K, capacity 59071K, committed 59096K, reserved 1099776K
  class space    used 7789K, capacity 8192K, committed 8192K, reserved 1048576K
Event: 4.843 GC heap after
Heap after GC invocations=10 (full 3):
 PSYoungGen      total 330752K, used 0K [0x00000000e0000000, 0x0000000100000000, 0x0000000100000000)
  eden space 305664K, 0% used [0x00000000e0000000,0x00000000e0000000,0x00000000f2a80000)
  from space 25088K, 0% used [0x00000000f2a80000,0x00000000f2a80000,0x00000000f4300000)
  to   space 24064K, 0% used [0x00000000fe880000,0x00000000fe880000,0x0000000100000000)
 ParOldGen       total 219648K, used 28580K [0x00000000a0000000, 0x00000000ad680000, 0x00000000e0000000)
  object space 219648K, 13% used [0x00000000a0000000,0x00000000a1be9218,0x00000000ad680000)
 Metaspace       used 57479K, capacity 59071K, committed 59096K, reserved 1099776K
  class space    used 7789K, capacity 8192K, committed 8192K, reserved 1048576K
}
Event: 7.194 GC heap before
{Heap before GC invocations=11 (full 3):
 PSYoungGen      total 330752K, used 305664K [0x00000000e0000000, 0x0000000100000000, 0x0000000100000000)
  eden space 305664K, 100% used [0x00000000e0000000,0x00000000f2a80000,0x00000000f2a80000)
  from space 25088K, 0% used [0x00000000f2a80000,0x00000000f2a80000,0x00000000f4300000)
  to   space 24064K, 0% used [0x00000000fe880000,0x00000000fe880000,0x0000000100000000)
 ParOldGen       total 219648K, used 28580K [0x00000000a0000000, 0x00000000ad680000, 0x00000000e0000000)
  object space 219648K, 13% used [0x00000000a0000000,0x00000000a1be9218,0x00000000ad680000)
 Metaspace       used 67579K, capacity 70705K, committed 71000K, reserved 1110016K
  class space    used 9101K, capacity 9730K, committed 9856K, reserved 1048576K
Event: 7.210 GC heap after
Heap after GC invocations=11 (full 3):
 PSYoungGen      total 468992K, used 18988K [0x00000000e0000000, 0x00000000ffb80000, 0x0000000100000000)
  eden space 449536K, 0% used [0x00000000e0000000,0x00000000e0000000,0x00000000fb700000)
  from space 19456K, 97% used [0x00000000fe880000,0x00000000ffb0b1a0,0x00000000ffb80000)
  to   space 25088K, 0% used [0x00000000fca80000,0x00000000fca80000,0x00000000fe300000)
 ParOldGen       total 219648K, used 28588K [0x00000000a0000000, 0x00000000ad680000, 0x00000000e0000000)
  object space 219648K, 13% used [0x00000000a0000000,0x00000000a1beb218,0x00000000ad680000)
 Metaspace       used 67579K, capacity 70705K, committed 71000K, reserved 1110016K
  class space    used 9101K, capacity 9730K, committed 9856K, reserved 1048576K
}
Event: 9.461 GC heap before
{Heap before GC invocations=12 (full 3):
 PSYoungGen      total 468992K, used 468524K [0x00000000e0000000, 0x00000000ffb80000, 0x0000000100000000)
  eden space 449536K, 100% used [0x00000000e0000000,0x00000000fb700000,0x00000000fb700000)
  from space 19456K, 97% used [0x00000000fe880000,0x00000000ffb0b1a0,0x00000000ffb80000)
  to   space 25088K, 0% used [0x00000000fca80000,0x00000000fca80000,0x00000000fe300000)
 ParOldGen       total 219648K, used 28588K [0x00000000a0000000, 0x00000000ad680000, 0x00000000e0000000)
  object space 219648K, 13% used [0x00000000a0000000,0x00000000a1beb218,0x00000000ad680000)
 Metaspace       used 74899K, capacity 78089K, committed 78424K, reserved 1118208K
  class space    used 9898K, capacity 10526K, committed 10624K, reserved 1048576K
Event: 9.486 GC heap after
Heap after GC invocations=12 (full 3):
 PSYoungGen      total 494592K, used 20617K [0x00000000e0000000, 0x0000000100000000, 0x0000000100000000)
  eden space 469504K, 0% used [0x00000000e0000000,0x00000000e0000000,0x00000000fca80000)
  from space 25088K, 82% used [0x00000000fca80000,0x00000000fdea2518,0x00000000fe300000)
  to   space 26624K, 0% used [0x00000000fe600000,0x00000000fe600000,0x0000000100000000)
 ParOldGen       total 219648K, used 28596K [0x00000000a0000000, 0x00000000ad680000, 0x00000000e0000000)
  object space 219648K, 13% used [0x00000000a0000000,0x00000000a1bed218,0x00000000ad680000)
 Metaspace       used 74899K, capacity 78089K, committed 78424K, reserved 1118208K
  class space    used 9898K, capacity 10526K, committed 10624K, reserved 1048576K
}
Event: 10.966 GC heap before
{Heap before GC invocations=13 (full 3):
 PSYoungGen      total 494592K, used 490121K [0x00000000e0000000, 0x0000000100000000, 0x0000000100000000)
  eden space 469504K, 100% used [0x00000000e0000000,0x00000000fca80000,0x00000000fca80000)
  from space 25088K, 82% used [0x00000000fca80000,0x00000000fdea2518,0x00000000fe300000)
  to   space 26624K, 0% used [0x00000000fe600000,0x00000000fe600000,0x0000000100000000)
 ParOldGen       total 219648K, used 28596K [0x00000000a0000000, 0x00000000ad680000, 0x00000000e0000000)
  object space 219648K, 13% used [0x00000000a0000000,0x00000000a1bed218,0x00000000ad680000)
 Metaspace       used 85380K, capacity 90273K, committed 90456K, reserved 1128448K
  class space    used 11455K, capacity 12358K, committed 12416K, reserved 1048576K
Event: 10.988 GC heap after
Heap after GC invocations=13 (full 3):
 PSYoungGen      total 484352K, used 26600K [0x00000000e0000000, 0x0000000100000000, 0x0000000100000000)
  eden space 457728K, 0% used [0x00000000e0000000,0x00000000e0000000,0x00000000fbf00000)
  from space 26624K, 99% used [0x00000000fe600000,0x00000000ffffa270,0x0000000100000000)
  to   space 33280K, 0% used [0x00000000fbf00000,0x00000000fbf00000,0x00000000fdf80000)
 ParOldGen       total 219648K, used 37936K [0x00000000a0000000, 0x00000000ad680000, 0x00000000e0000000)
  object space 219648K, 17% used [0x00000000a0000000,0x00000000a250c188,0x00000000ad680000)
 Metaspace       used 85380K, capacity 90273K, committed 90456K, reserved 1128448K
  class space    used 11455K, capacity 12358K, committed 12416K, reserved 1048576K
}
Event: 11.338 GC heap before
{Heap before GC invocations=14 (full 3):
 PSYoungGen      total 484352K, used 484328K [0x00000000e0000000, 0x0000000100000000, 0x0000000100000000)
  eden space 457728K, 100% used [0x00000000e0000000,0x00000000fbf00000,0x00000000fbf00000)
  from space 26624K, 99% used [0x00000000fe600000,0x00000000ffffa270,0x0000000100000000)
  to   space 33280K, 0% used [0x00000000fbf00000,0x00000000fbf00000,0x00000000fdf80000)
 ParOldGen       total 219648K, used 37936K [0x00000000a0000000, 0x00000000ad680000, 0x00000000e0000000)
  object space 219648K, 17% used [0x00000000a0000000,0x00000000a250c188,0x00000000ad680000)
 Metaspace       used 85672K, capacity 90603K, committed 90712K, reserved 1128448K
  class space    used 11479K, capacity 12395K, committed 12416K, reserved 1048576K
Event: 11.357 GC heap after
Heap after GC invocations=14 (full 3):
 PSYoungGen      total 491008K, used 33279K [0x00000000e0000000, 0x0000000100000000, 0x0000000100000000)
  eden space 457728K, 0% used [0x00000000e0000000,0x00000000e0000000,0x00000000fbf00000)
  from space 33280K, 99% used [0x00000000fbf00000,0x00000000fdf7fdb8,0x00000000fdf80000)
  to   space 33280K, 0% used [0x00000000fdf80000,0x00000000fdf80000,0x0000000100000000)
 ParOldGen       total 219648K, used 42150K [0x00000000a0000000, 0x00000000ad680000, 0x00000000e0000000)
  object space 219648K, 19% used [0x00000000a0000000,0x00000000a2929aa8,0x00000000ad680000)
 Metaspace       used 85672K, capacity 90603K, committed 90712K, reserved 1128448K
  class space    used 11479K, capacity 12395K, committed 12416K, reserved 1048576K
}

